The system is: Linux - 4.20.13-arch1-1-ARCH - x86_64
Compiling the C compiler identification source file "CMakeCCompilerId.c" succeeded.
Compiler: /usr/bin/gcc-5 
Build flags: 
Id flags:  

The output was:
0


Compilation of the C compiler identification source "CMakeCCompilerId.c" produced "a.out"

The C compiler identification is GNU, found in "/home/chenyu/personal/linux-learn/build/CMakeFiles/3.13.4/CompilerIdC/a.out"

Compiling the CXX compiler identification source file "CMakeCXXCompilerId.cpp" succeeded.
Compiler: /usr/bin/g++-5 
Build flags: 
Id flags:  

The output was:
0


Compilation of the CXX compiler identification source "CMakeCXXCompilerId.cpp" produced "a.out"

The CXX compiler identification is GNU, found in "/home/chenyu/personal/linux-learn/build/CMakeFiles/3.13.4/CompilerIdCXX/a.out"

Determining if the C compiler works passed with the following output:
Change Dir: /home/chenyu/personal/linux-learn/build/CMakeFiles/CMakeTmp

Run Build Command:"/usr/bin/make" "cmTC_32f81/fast"
/usr/bin/make -f CMakeFiles/cmTC_32f81.dir/build.make CMakeFiles/cmTC_32f81.dir/build
make[1]: Entering directory '/home/chenyu/personal/linux-learn/build/CMakeFiles/CMakeTmp'
Building C object CMakeFiles/cmTC_32f81.dir/testCCompiler.c.o
/usr/bin/gcc-5    -o CMakeFiles/cmTC_32f81.dir/testCCompiler.c.o   -c /home/chenyu/personal/linux-learn/build/CMakeFiles/CMakeTmp/testCCompiler.c
Linking C executable cmTC_32f81
/usr/bin/cmake -E cmake_link_script CMakeFiles/cmTC_32f81.dir/link.txt --verbose=1
/usr/bin/gcc-5      -rdynamic CMakeFiles/cmTC_32f81.dir/testCCompiler.c.o  -o cmTC_32f81 
make[1]: Leaving directory '/home/chenyu/personal/linux-learn/build/CMakeFiles/CMakeTmp'


Detecting C compiler ABI info compiled with the following output:
Change Dir: /home/chenyu/personal/linux-learn/build/CMakeFiles/CMakeTmp

Run Build Command:"/usr/bin/make" "cmTC_9d04c/fast"
/usr/bin/make -f CMakeFiles/cmTC_9d04c.dir/build.make CMakeFiles/cmTC_9d04c.dir/build
make[1]: Entering directory '/home/chenyu/personal/linux-learn/build/CMakeFiles/CMakeTmp'
Building C object CMakeFiles/cmTC_9d04c.dir/CMakeCCompilerABI.c.o
/usr/bin/gcc-5    -o CMakeFiles/cmTC_9d04c.dir/CMakeCCompilerABI.c.o   -c /usr/share/cmake-3.13/Modules/CMakeCCompilerABI.c
Linking C executable cmTC_9d04c
/usr/bin/cmake -E cmake_link_script CMakeFiles/cmTC_9d04c.dir/link.txt --verbose=1
/usr/bin/gcc-5     -v -rdynamic CMakeFiles/cmTC_9d04c.dir/CMakeCCompilerABI.c.o  -o cmTC_9d04c 
Using built-in specs.
COLLECT_GCC=/usr/bin/gcc-5
COLLECT_LTO_WRAPPER=/usr/lib/gcc/x86_64-pc-linux-gnu/5.5.0/lto-wrapper
Target: x86_64-pc-linux-gnu
Configured with: /home/chenyu/.cache/yay/gcc5/src/gcc-5.5.0/configure --prefix=/usr --build=x86_64-pc-linux-gnu --libdir=/usr/lib --libexecdir=/usr/lib --mandir=/usr/share/man --infodir=/usr/share/info --with-bugurl=https://bugs.archlinux.org/ --enable-languages=c,c++,fortran,lto --enable-shared --enable-threads=posix --enable-libmpx --with-system-zlib --with-isl --enable-__cxa_atexit --disable-libunwind-exceptions --enable-clocale=gnu --disable-libstdcxx-pch --disable-libssp --enable-gnu-unique-object --enable-linker-build-id --enable-lto --enable-plugin --with-linker-hash-style=gnu --enable-gnu-indirect-function --disable-multilib --disable-werror --enable-checking=release --program-suffix=-5 --enable-version-specific-runtime-libs
Thread model: posix
gcc version 5.5.0 (GCC) 
COMPILER_PATH=/usr/lib/gcc/x86_64-pc-linux-gnu/5.5.0/:/usr/lib/gcc/x86_64-pc-linux-gnu/5.5.0/:/usr/lib/gcc/x86_64-pc-linux-gnu/:/usr/lib/gcc/x86_64-pc-linux-gnu/5.5.0/:/usr/lib/gcc/x86_64-pc-linux-gnu/
LIBRARY_PATH=/usr/lib/gcc/x86_64-pc-linux-gnu/5.5.0/:/usr/lib/gcc/x86_64-pc-linux-gnu/5.5.0/../../../../lib/:/lib/../lib/:/usr/lib/../lib/:/usr/lib/gcc/x86_64-pc-linux-gnu/5.5.0/../../../:/lib/:/usr/lib/
COLLECT_GCC_OPTIONS='-v' '-rdynamic' '-o' 'cmTC_9d04c' '-mtune=generic' '-march=x86-64'
 /usr/lib/gcc/x86_64-pc-linux-gnu/5.5.0/collect2 -plugin /usr/lib/gcc/x86_64-pc-linux-gnu/5.5.0/liblto_plugin.so -plugin-opt=/usr/lib/gcc/x86_64-pc-linux-gnu/5.5.0/lto-wrapper -plugin-opt=-fresolution=/tmp/cc41yFGy.res -plugin-opt=-pass-through=-lgcc -plugin-opt=-pass-through=-lgcc_s -plugin-opt=-pass-through=-lc -plugin-opt=-pass-through=-lgcc -plugin-opt=-pass-through=-lgcc_s --build-id --eh-frame-hdr --hash-style=gnu -m elf_x86_64 -export-dynamic -dynamic-linker /lib64/ld-linux-x86-64.so.2 -o cmTC_9d04c /usr/lib/gcc/x86_64-pc-linux-gnu/5.5.0/../../../../lib/crt1.o /usr/lib/gcc/x86_64-pc-linux-gnu/5.5.0/../../../../lib/crti.o /usr/lib/gcc/x86_64-pc-linux-gnu/5.5.0/crtbegin.o -L/usr/lib/gcc/x86_64-pc-linux-gnu/5.5.0 -L/usr/lib/gcc/x86_64-pc-linux-gnu/5.5.0/../../../../lib -L/lib/../lib -L/usr/lib/../lib -L/usr/lib/gcc/x86_64-pc-linux-gnu/5.5.0/../../.. CMakeFiles/cmTC_9d04c.dir/CMakeCCompilerABI.c.o -lgcc --as-needed -lgcc_s --no-as-needed -lc -lgcc --as-needed -lgcc_s --no-as-needed /usr/lib/gcc/x86_64-pc-linux-gnu/5.5.0/crtend.o /usr/lib/gcc/x86_64-pc-linux-gnu/5.5.0/../../../../lib/crtn.o
make[1]: Leaving directory '/home/chenyu/personal/linux-learn/build/CMakeFiles/CMakeTmp'


Parsed C implicit link information from above output:
  link line regex: [^( *|.*[/\])(ld|CMAKE_LINK_STARTFILE-NOTFOUND|([^/\]+-)?ld|collect2)[^/\]*( |$)]
  ignore line: [Change Dir: /home/chenyu/personal/linux-learn/build/CMakeFiles/CMakeTmp]
  ignore line: []
  ignore line: [Run Build Command:"/usr/bin/make" "cmTC_9d04c/fast"]
  ignore line: [/usr/bin/make -f CMakeFiles/cmTC_9d04c.dir/build.make CMakeFiles/cmTC_9d04c.dir/build]
  ignore line: [make[1]: Entering directory '/home/chenyu/personal/linux-learn/build/CMakeFiles/CMakeTmp']
  ignore line: [Building C object CMakeFiles/cmTC_9d04c.dir/CMakeCCompilerABI.c.o]
  ignore line: [/usr/bin/gcc-5    -o CMakeFiles/cmTC_9d04c.dir/CMakeCCompilerABI.c.o   -c /usr/share/cmake-3.13/Modules/CMakeCCompilerABI.c]
  ignore line: [Linking C executable cmTC_9d04c]
  ignore line: [/usr/bin/cmake -E cmake_link_script CMakeFiles/cmTC_9d04c.dir/link.txt --verbose=1]
  ignore line: [/usr/bin/gcc-5     -v -rdynamic CMakeFiles/cmTC_9d04c.dir/CMakeCCompilerABI.c.o  -o cmTC_9d04c ]
  ignore line: [Using built-in specs.]
  ignore line: [COLLECT_GCC=/usr/bin/gcc-5]
  ignore line: [COLLECT_LTO_WRAPPER=/usr/lib/gcc/x86_64-pc-linux-gnu/5.5.0/lto-wrapper]
  ignore line: [Target: x86_64-pc-linux-gnu]
  ignore line: [Configured with: /home/chenyu/.cache/yay/gcc5/src/gcc-5.5.0/configure --prefix=/usr --build=x86_64-pc-linux-gnu --libdir=/usr/lib --libexecdir=/usr/lib --mandir=/usr/share/man --infodir=/usr/share/info --with-bugurl=https://bugs.archlinux.org/ --enable-languages=c,c++,fortran,lto --enable-shared --enable-threads=posix --enable-libmpx --with-system-zlib --with-isl --enable-__cxa_atexit --disable-libunwind-exceptions --enable-clocale=gnu --disable-libstdcxx-pch --disable-libssp --enable-gnu-unique-object --enable-linker-build-id --enable-lto --enable-plugin --with-linker-hash-style=gnu --enable-gnu-indirect-function --disable-multilib --disable-werror --enable-checking=release --program-suffix=-5 --enable-version-specific-runtime-libs]
  ignore line: [Thread model: posix]
  ignore line: [gcc version 5.5.0 (GCC) ]
  ignore line: [COMPILER_PATH=/usr/lib/gcc/x86_64-pc-linux-gnu/5.5.0/:/usr/lib/gcc/x86_64-pc-linux-gnu/5.5.0/:/usr/lib/gcc/x86_64-pc-linux-gnu/:/usr/lib/gcc/x86_64-pc-linux-gnu/5.5.0/:/usr/lib/gcc/x86_64-pc-linux-gnu/]
  ignore line: [LIBRARY_PATH=/usr/lib/gcc/x86_64-pc-linux-gnu/5.5.0/:/usr/lib/gcc/x86_64-pc-linux-gnu/5.5.0/../../../../lib/:/lib/../lib/:/usr/lib/../lib/:/usr/lib/gcc/x86_64-pc-linux-gnu/5.5.0/../../../:/lib/:/usr/lib/]
  ignore line: [COLLECT_GCC_OPTIONS='-v' '-rdynamic' '-o' 'cmTC_9d04c' '-mtune=generic' '-march=x86-64']
  link line: [ /usr/lib/gcc/x86_64-pc-linux-gnu/5.5.0/collect2 -plugin /usr/lib/gcc/x86_64-pc-linux-gnu/5.5.0/liblto_plugin.so -plugin-opt=/usr/lib/gcc/x86_64-pc-linux-gnu/5.5.0/lto-wrapper -plugin-opt=-fresolution=/tmp/cc41yFGy.res -plugin-opt=-pass-through=-lgcc -plugin-opt=-pass-through=-lgcc_s -plugin-opt=-pass-through=-lc -plugin-opt=-pass-through=-lgcc -plugin-opt=-pass-through=-lgcc_s --build-id --eh-frame-hdr --hash-style=gnu -m elf_x86_64 -export-dynamic -dynamic-linker /lib64/ld-linux-x86-64.so.2 -o cmTC_9d04c /usr/lib/gcc/x86_64-pc-linux-gnu/5.5.0/../../../../lib/crt1.o /usr/lib/gcc/x86_64-pc-linux-gnu/5.5.0/../../../../lib/crti.o /usr/lib/gcc/x86_64-pc-linux-gnu/5.5.0/crtbegin.o -L/usr/lib/gcc/x86_64-pc-linux-gnu/5.5.0 -L/usr/lib/gcc/x86_64-pc-linux-gnu/5.5.0/../../../../lib -L/lib/../lib -L/usr/lib/../lib -L/usr/lib/gcc/x86_64-pc-linux-gnu/5.5.0/../../.. CMakeFiles/cmTC_9d04c.dir/CMakeCCompilerABI.c.o -lgcc --as-needed -lgcc_s --no-as-needed -lc -lgcc --as-needed -lgcc_s --no-as-needed /usr/lib/gcc/x86_64-pc-linux-gnu/5.5.0/crtend.o /usr/lib/gcc/x86_64-pc-linux-gnu/5.5.0/../../../../lib/crtn.o]
    arg [/usr/lib/gcc/x86_64-pc-linux-gnu/5.5.0/collect2] ==> ignore
    arg [-plugin] ==> ignore
    arg [/usr/lib/gcc/x86_64-pc-linux-gnu/5.5.0/liblto_plugin.so] ==> ignore
    arg [-plugin-opt=/usr/lib/gcc/x86_64-pc-linux-gnu/5.5.0/lto-wrapper] ==> ignore
    arg [-plugin-opt=-fresolution=/tmp/cc41yFGy.res] ==> ignore
    arg [-plugin-opt=-pass-through=-lgcc] ==> ignore
    arg [-plugin-opt=-pass-through=-lgcc_s] ==> ignore
    arg [-plugin-opt=-pass-through=-lc] ==> ignore
    arg [-plugin-opt=-pass-through=-lgcc] ==> ignore
    arg [-plugin-opt=-pass-through=-lgcc_s] ==> ignore
    arg [--build-id] ==> ignore
    arg [--eh-frame-hdr] ==> ignore
    arg [--hash-style=gnu] ==> ignore
    arg [-m] ==> ignore
    arg [elf_x86_64] ==> ignore
    arg [-export-dynamic] ==> ignore
    arg [-dynamic-linker] ==> ignore
    arg [/lib64/ld-linux-x86-64.so.2] ==> ignore
    arg [-o] ==> ignore
    arg [cmTC_9d04c] ==> ignore
    arg [/usr/lib/gcc/x86_64-pc-linux-gnu/5.5.0/../../../../lib/crt1.o] ==> ignore
    arg [/usr/lib/gcc/x86_64-pc-linux-gnu/5.5.0/../../../../lib/crti.o] ==> ignore
    arg [/usr/lib/gcc/x86_64-pc-linux-gnu/5.5.0/crtbegin.o] ==> ignore
    arg [-L/usr/lib/gcc/x86_64-pc-linux-gnu/5.5.0] ==> dir [/usr/lib/gcc/x86_64-pc-linux-gnu/5.5.0]
    arg [-L/usr/lib/gcc/x86_64-pc-linux-gnu/5.5.0/../../../../lib] ==> dir [/usr/lib/gcc/x86_64-pc-linux-gnu/5.5.0/../../../../lib]
    arg [-L/lib/../lib] ==> dir [/lib/../lib]
    arg [-L/usr/lib/../lib] ==> dir [/usr/lib/../lib]
    arg [-L/usr/lib/gcc/x86_64-pc-linux-gnu/5.5.0/../../..] ==> dir [/usr/lib/gcc/x86_64-pc-linux-gnu/5.5.0/../../..]
    arg [CMakeFiles/cmTC_9d04c.dir/CMakeCCompilerABI.c.o] ==> ignore
    arg [-lgcc] ==> lib [gcc]
    arg [--as-needed] ==> ignore
    arg [-lgcc_s] ==> lib [gcc_s]
    arg [--no-as-needed] ==> ignore
    arg [-lc] ==> lib [c]
    arg [-lgcc] ==> lib [gcc]
    arg [--as-needed] ==> ignore
    arg [-lgcc_s] ==> lib [gcc_s]
    arg [--no-as-needed] ==> ignore
    arg [/usr/lib/gcc/x86_64-pc-linux-gnu/5.5.0/crtend.o] ==> ignore
    arg [/usr/lib/gcc/x86_64-pc-linux-gnu/5.5.0/../../../../lib/crtn.o] ==> ignore
  collapse library dir [/usr/lib/gcc/x86_64-pc-linux-gnu/5.5.0] ==> [/usr/lib/gcc/x86_64-pc-linux-gnu/5.5.0]
  collapse library dir [/usr/lib/gcc/x86_64-pc-linux-gnu/5.5.0/../../../../lib] ==> [/usr/lib]
  collapse library dir [/lib/../lib] ==> [/lib]
  collapse library dir [/usr/lib/../lib] ==> [/usr/lib]
  collapse library dir [/usr/lib/gcc/x86_64-pc-linux-gnu/5.5.0/../../..] ==> [/usr/lib]
  implicit libs: [gcc;gcc_s;c;gcc;gcc_s]
  implicit dirs: [/usr/lib/gcc/x86_64-pc-linux-gnu/5.5.0;/usr/lib;/lib]
  implicit fwks: []




Detecting C [-std=c11] compiler features compiled with the following output:
Change Dir: /home/chenyu/personal/linux-learn/build/CMakeFiles/CMakeTmp

Run Build Command:"/usr/bin/make" "cmTC_aa464/fast"
/usr/bin/make -f CMakeFiles/cmTC_aa464.dir/build.make CMakeFiles/cmTC_aa464.dir/build
make[1]: Entering directory '/home/chenyu/personal/linux-learn/build/CMakeFiles/CMakeTmp'
Building C object CMakeFiles/cmTC_aa464.dir/feature_tests.c.o
/usr/bin/gcc-5   -std=c11 -o CMakeFiles/cmTC_aa464.dir/feature_tests.c.o   -c /home/chenyu/personal/linux-learn/build/CMakeFiles/feature_tests.c
Linking C executable cmTC_aa464
/usr/bin/cmake -E cmake_link_script CMakeFiles/cmTC_aa464.dir/link.txt --verbose=1
/usr/bin/gcc-5      -rdynamic CMakeFiles/cmTC_aa464.dir/feature_tests.c.o  -o cmTC_aa464 
make[1]: Leaving directory '/home/chenyu/personal/linux-learn/build/CMakeFiles/CMakeTmp'


    Feature record: C_FEATURE:1c_function_prototypes
    Feature record: C_FEATURE:1c_restrict
    Feature record: C_FEATURE:1c_static_assert
    Feature record: C_FEATURE:1c_variadic_macros


Detecting C [-std=c99] compiler features compiled with the following output:
Change Dir: /home/chenyu/personal/linux-learn/build/CMakeFiles/CMakeTmp

Run Build Command:"/usr/bin/make" "cmTC_be3aa/fast"
/usr/bin/make -f CMakeFiles/cmTC_be3aa.dir/build.make CMakeFiles/cmTC_be3aa.dir/build
make[1]: Entering directory '/home/chenyu/personal/linux-learn/build/CMakeFiles/CMakeTmp'
Building C object CMakeFiles/cmTC_be3aa.dir/feature_tests.c.o
/usr/bin/gcc-5   -std=c99 -o CMakeFiles/cmTC_be3aa.dir/feature_tests.c.o   -c /home/chenyu/personal/linux-learn/build/CMakeFiles/feature_tests.c
Linking C executable cmTC_be3aa
/usr/bin/cmake -E cmake_link_script CMakeFiles/cmTC_be3aa.dir/link.txt --verbose=1
/usr/bin/gcc-5      -rdynamic CMakeFiles/cmTC_be3aa.dir/feature_tests.c.o  -o cmTC_be3aa 
make[1]: Leaving directory '/home/chenyu/personal/linux-learn/build/CMakeFiles/CMakeTmp'


    Feature record: C_FEATURE:1c_function_prototypes
    Feature record: C_FEATURE:1c_restrict
    Feature record: C_FEATURE:0c_static_assert
    Feature record: C_FEATURE:1c_variadic_macros


Detecting C [-std=c90] compiler features compiled with the following output:
Change Dir: /home/chenyu/personal/linux-learn/build/CMakeFiles/CMakeTmp

Run Build Command:"/usr/bin/make" "cmTC_0d970/fast"
/usr/bin/make -f CMakeFiles/cmTC_0d970.dir/build.make CMakeFiles/cmTC_0d970.dir/build
make[1]: Entering directory '/home/chenyu/personal/linux-learn/build/CMakeFiles/CMakeTmp'
Building C object CMakeFiles/cmTC_0d970.dir/feature_tests.c.o
/usr/bin/gcc-5   -std=c90 -o CMakeFiles/cmTC_0d970.dir/feature_tests.c.o   -c /home/chenyu/personal/linux-learn/build/CMakeFiles/feature_tests.c
Linking C executable cmTC_0d970
/usr/bin/cmake -E cmake_link_script CMakeFiles/cmTC_0d970.dir/link.txt --verbose=1
/usr/bin/gcc-5      -rdynamic CMakeFiles/cmTC_0d970.dir/feature_tests.c.o  -o cmTC_0d970 
make[1]: Leaving directory '/home/chenyu/personal/linux-learn/build/CMakeFiles/CMakeTmp'


    Feature record: C_FEATURE:1c_function_prototypes
    Feature record: C_FEATURE:0c_restrict
    Feature record: C_FEATURE:0c_static_assert
    Feature record: C_FEATURE:0c_variadic_macros
Determining if the CXX compiler works passed with the following output:
Change Dir: /home/chenyu/personal/linux-learn/build/CMakeFiles/CMakeTmp

Run Build Command:"/usr/bin/make" "cmTC_5be7e/fast"
/usr/bin/make -f CMakeFiles/cmTC_5be7e.dir/build.make CMakeFiles/cmTC_5be7e.dir/build
make[1]: Entering directory '/home/chenyu/personal/linux-learn/build/CMakeFiles/CMakeTmp'
Building CXX object CMakeFiles/cmTC_5be7e.dir/testCXXCompiler.cxx.o
/usr/bin/g++-5     -o CMakeFiles/cmTC_5be7e.dir/testCXXCompiler.cxx.o -c /home/chenyu/personal/linux-learn/build/CMakeFiles/CMakeTmp/testCXXCompiler.cxx
Linking CXX executable cmTC_5be7e
/usr/bin/cmake -E cmake_link_script CMakeFiles/cmTC_5be7e.dir/link.txt --verbose=1
/usr/bin/g++-5       -rdynamic CMakeFiles/cmTC_5be7e.dir/testCXXCompiler.cxx.o  -o cmTC_5be7e 
make[1]: Leaving directory '/home/chenyu/personal/linux-learn/build/CMakeFiles/CMakeTmp'


Detecting CXX compiler ABI info compiled with the following output:
Change Dir: /home/chenyu/personal/linux-learn/build/CMakeFiles/CMakeTmp

Run Build Command:"/usr/bin/make" "cmTC_6c757/fast"
/usr/bin/make -f CMakeFiles/cmTC_6c757.dir/build.make CMakeFiles/cmTC_6c757.dir/build
make[1]: Entering directory '/home/chenyu/personal/linux-learn/build/CMakeFiles/CMakeTmp'
Building CXX object CMakeFiles/cmTC_6c757.dir/CMakeCXXCompilerABI.cpp.o
/usr/bin/g++-5     -o CMakeFiles/cmTC_6c757.dir/CMakeCXXCompilerABI.cpp.o -c /usr/share/cmake-3.13/Modules/CMakeCXXCompilerABI.cpp
Linking CXX executable cmTC_6c757
/usr/bin/cmake -E cmake_link_script CMakeFiles/cmTC_6c757.dir/link.txt --verbose=1
/usr/bin/g++-5      -v -rdynamic CMakeFiles/cmTC_6c757.dir/CMakeCXXCompilerABI.cpp.o  -o cmTC_6c757 
Using built-in specs.
COLLECT_GCC=/usr/bin/g++-5
COLLECT_LTO_WRAPPER=/usr/lib/gcc/x86_64-pc-linux-gnu/5.5.0/lto-wrapper
Target: x86_64-pc-linux-gnu
Configured with: /home/chenyu/.cache/yay/gcc5/src/gcc-5.5.0/configure --prefix=/usr --build=x86_64-pc-linux-gnu --libdir=/usr/lib --libexecdir=/usr/lib --mandir=/usr/share/man --infodir=/usr/share/info --with-bugurl=https://bugs.archlinux.org/ --enable-languages=c,c++,fortran,lto --enable-shared --enable-threads=posix --enable-libmpx --with-system-zlib --with-isl --enable-__cxa_atexit --disable-libunwind-exceptions --enable-clocale=gnu --disable-libstdcxx-pch --disable-libssp --enable-gnu-unique-object --enable-linker-build-id --enable-lto --enable-plugin --with-linker-hash-style=gnu --enable-gnu-indirect-function --disable-multilib --disable-werror --enable-checking=release --program-suffix=-5 --enable-version-specific-runtime-libs
Thread model: posix
gcc version 5.5.0 (GCC) 
COMPILER_PATH=/usr/lib/gcc/x86_64-pc-linux-gnu/5.5.0/:/usr/lib/gcc/x86_64-pc-linux-gnu/5.5.0/:/usr/lib/gcc/x86_64-pc-linux-gnu/:/usr/lib/gcc/x86_64-pc-linux-gnu/5.5.0/:/usr/lib/gcc/x86_64-pc-linux-gnu/
LIBRARY_PATH=/usr/lib/gcc/x86_64-pc-linux-gnu/5.5.0/:/usr/lib/gcc/x86_64-pc-linux-gnu/5.5.0/../../../../lib/:/lib/../lib/:/usr/lib/../lib/:/usr/lib/gcc/x86_64-pc-linux-gnu/5.5.0/../../../:/lib/:/usr/lib/
COLLECT_GCC_OPTIONS='-v' '-rdynamic' '-o' 'cmTC_6c757' '-shared-libgcc' '-mtune=generic' '-march=x86-64'
 /usr/lib/gcc/x86_64-pc-linux-gnu/5.5.0/collect2 -plugin /usr/lib/gcc/x86_64-pc-linux-gnu/5.5.0/liblto_plugin.so -plugin-opt=/usr/lib/gcc/x86_64-pc-linux-gnu/5.5.0/lto-wrapper -plugin-opt=-fresolution=/tmp/ccfS6GDZ.res -plugin-opt=-pass-through=-lgcc_s -plugin-opt=-pass-through=-lgcc -plugin-opt=-pass-through=-lc -plugin-opt=-pass-through=-lgcc_s -plugin-opt=-pass-through=-lgcc --build-id --eh-frame-hdr --hash-style=gnu -m elf_x86_64 -export-dynamic -dynamic-linker /lib64/ld-linux-x86-64.so.2 -o cmTC_6c757 /usr/lib/gcc/x86_64-pc-linux-gnu/5.5.0/../../../../lib/crt1.o /usr/lib/gcc/x86_64-pc-linux-gnu/5.5.0/../../../../lib/crti.o /usr/lib/gcc/x86_64-pc-linux-gnu/5.5.0/crtbegin.o -L/usr/lib/gcc/x86_64-pc-linux-gnu/5.5.0 -L/usr/lib/gcc/x86_64-pc-linux-gnu/5.5.0/../../../../lib -L/lib/../lib -L/usr/lib/../lib -L/usr/lib/gcc/x86_64-pc-linux-gnu/5.5.0/../../.. CMakeFiles/cmTC_6c757.dir/CMakeCXXCompilerABI.cpp.o -lstdc++ -lm -lgcc_s -lgcc -lc -lgcc_s -lgcc /usr/lib/gcc/x86_64-pc-linux-gnu/5.5.0/crtend.o /usr/lib/gcc/x86_64-pc-linux-gnu/5.5.0/../../../../lib/crtn.o
make[1]: Leaving directory '/home/chenyu/personal/linux-learn/build/CMakeFiles/CMakeTmp'


Parsed CXX implicit link information from above output:
  link line regex: [^( *|.*[/\])(ld|CMAKE_LINK_STARTFILE-NOTFOUND|([^/\]+-)?ld|collect2)[^/\]*( |$)]
  ignore line: [Change Dir: /home/chenyu/personal/linux-learn/build/CMakeFiles/CMakeTmp]
  ignore line: []
  ignore line: [Run Build Command:"/usr/bin/make" "cmTC_6c757/fast"]
  ignore line: [/usr/bin/make -f CMakeFiles/cmTC_6c757.dir/build.make CMakeFiles/cmTC_6c757.dir/build]
  ignore line: [make[1]: Entering directory '/home/chenyu/personal/linux-learn/build/CMakeFiles/CMakeTmp']
  ignore line: [Building CXX object CMakeFiles/cmTC_6c757.dir/CMakeCXXCompilerABI.cpp.o]
  ignore line: [/usr/bin/g++-5     -o CMakeFiles/cmTC_6c757.dir/CMakeCXXCompilerABI.cpp.o -c /usr/share/cmake-3.13/Modules/CMakeCXXCompilerABI.cpp]
  ignore line: [Linking CXX executable cmTC_6c757]
  ignore line: [/usr/bin/cmake -E cmake_link_script CMakeFiles/cmTC_6c757.dir/link.txt --verbose=1]
  ignore line: [/usr/bin/g++-5      -v -rdynamic CMakeFiles/cmTC_6c757.dir/CMakeCXXCompilerABI.cpp.o  -o cmTC_6c757 ]
  ignore line: [Using built-in specs.]
  ignore line: [COLLECT_GCC=/usr/bin/g++-5]
  ignore line: [COLLECT_LTO_WRAPPER=/usr/lib/gcc/x86_64-pc-linux-gnu/5.5.0/lto-wrapper]
  ignore line: [Target: x86_64-pc-linux-gnu]
  ignore line: [Configured with: /home/chenyu/.cache/yay/gcc5/src/gcc-5.5.0/configure --prefix=/usr --build=x86_64-pc-linux-gnu --libdir=/usr/lib --libexecdir=/usr/lib --mandir=/usr/share/man --infodir=/usr/share/info --with-bugurl=https://bugs.archlinux.org/ --enable-languages=c,c++,fortran,lto --enable-shared --enable-threads=posix --enable-libmpx --with-system-zlib --with-isl --enable-__cxa_atexit --disable-libunwind-exceptions --enable-clocale=gnu --disable-libstdcxx-pch --disable-libssp --enable-gnu-unique-object --enable-linker-build-id --enable-lto --enable-plugin --with-linker-hash-style=gnu --enable-gnu-indirect-function --disable-multilib --disable-werror --enable-checking=release --program-suffix=-5 --enable-version-specific-runtime-libs]
  ignore line: [Thread model: posix]
  ignore line: [gcc version 5.5.0 (GCC) ]
  ignore line: [COMPILER_PATH=/usr/lib/gcc/x86_64-pc-linux-gnu/5.5.0/:/usr/lib/gcc/x86_64-pc-linux-gnu/5.5.0/:/usr/lib/gcc/x86_64-pc-linux-gnu/:/usr/lib/gcc/x86_64-pc-linux-gnu/5.5.0/:/usr/lib/gcc/x86_64-pc-linux-gnu/]
  ignore line: [LIBRARY_PATH=/usr/lib/gcc/x86_64-pc-linux-gnu/5.5.0/:/usr/lib/gcc/x86_64-pc-linux-gnu/5.5.0/../../../../lib/:/lib/../lib/:/usr/lib/../lib/:/usr/lib/gcc/x86_64-pc-linux-gnu/5.5.0/../../../:/lib/:/usr/lib/]
  ignore line: [COLLECT_GCC_OPTIONS='-v' '-rdynamic' '-o' 'cmTC_6c757' '-shared-libgcc' '-mtune=generic' '-march=x86-64']
  link line: [ /usr/lib/gcc/x86_64-pc-linux-gnu/5.5.0/collect2 -plugin /usr/lib/gcc/x86_64-pc-linux-gnu/5.5.0/liblto_plugin.so -plugin-opt=/usr/lib/gcc/x86_64-pc-linux-gnu/5.5.0/lto-wrapper -plugin-opt=-fresolution=/tmp/ccfS6GDZ.res -plugin-opt=-pass-through=-lgcc_s -plugin-opt=-pass-through=-lgcc -plugin-opt=-pass-through=-lc -plugin-opt=-pass-through=-lgcc_s -plugin-opt=-pass-through=-lgcc --build-id --eh-frame-hdr --hash-style=gnu -m elf_x86_64 -export-dynamic -dynamic-linker /lib64/ld-linux-x86-64.so.2 -o cmTC_6c757 /usr/lib/gcc/x86_64-pc-linux-gnu/5.5.0/../../../../lib/crt1.o /usr/lib/gcc/x86_64-pc-linux-gnu/5.5.0/../../../../lib/crti.o /usr/lib/gcc/x86_64-pc-linux-gnu/5.5.0/crtbegin.o -L/usr/lib/gcc/x86_64-pc-linux-gnu/5.5.0 -L/usr/lib/gcc/x86_64-pc-linux-gnu/5.5.0/../../../../lib -L/lib/../lib -L/usr/lib/../lib -L/usr/lib/gcc/x86_64-pc-linux-gnu/5.5.0/../../.. CMakeFiles/cmTC_6c757.dir/CMakeCXXCompilerABI.cpp.o -lstdc++ -lm -lgcc_s -lgcc -lc -lgcc_s -lgcc /usr/lib/gcc/x86_64-pc-linux-gnu/5.5.0/crtend.o /usr/lib/gcc/x86_64-pc-linux-gnu/5.5.0/../../../../lib/crtn.o]
    arg [/usr/lib/gcc/x86_64-pc-linux-gnu/5.5.0/collect2] ==> ignore
    arg [-plugin] ==> ignore
    arg [/usr/lib/gcc/x86_64-pc-linux-gnu/5.5.0/liblto_plugin.so] ==> ignore
    arg [-plugin-opt=/usr/lib/gcc/x86_64-pc-linux-gnu/5.5.0/lto-wrapper] ==> ignore
    arg [-plugin-opt=-fresolution=/tmp/ccfS6GDZ.res] ==> ignore
    arg [-plugin-opt=-pass-through=-lgcc_s] ==> ignore
    arg [-plugin-opt=-pass-through=-lgcc] ==> ignore
    arg [-plugin-opt=-pass-through=-lc] ==> ignore
    arg [-plugin-opt=-pass-through=-lgcc_s] ==> ignore
    arg [-plugin-opt=-pass-through=-lgcc] ==> ignore
    arg [--build-id] ==> ignore
    arg [--eh-frame-hdr] ==> ignore
    arg [--hash-style=gnu] ==> ignore
    arg [-m] ==> ignore
    arg [elf_x86_64] ==> ignore
    arg [-export-dynamic] ==> ignore
    arg [-dynamic-linker] ==> ignore
    arg [/lib64/ld-linux-x86-64.so.2] ==> ignore
    arg [-o] ==> ignore
    arg [cmTC_6c757] ==> ignore
    arg [/usr/lib/gcc/x86_64-pc-linux-gnu/5.5.0/../../../../lib/crt1.o] ==> ignore
    arg [/usr/lib/gcc/x86_64-pc-linux-gnu/5.5.0/../../../../lib/crti.o] ==> ignore
    arg [/usr/lib/gcc/x86_64-pc-linux-gnu/5.5.0/crtbegin.o] ==> ignore
    arg [-L/usr/lib/gcc/x86_64-pc-linux-gnu/5.5.0] ==> dir [/usr/lib/gcc/x86_64-pc-linux-gnu/5.5.0]
    arg [-L/usr/lib/gcc/x86_64-pc-linux-gnu/5.5.0/../../../../lib] ==> dir [/usr/lib/gcc/x86_64-pc-linux-gnu/5.5.0/../../../../lib]
    arg [-L/lib/../lib] ==> dir [/lib/../lib]
    arg [-L/usr/lib/../lib] ==> dir [/usr/lib/../lib]
    arg [-L/usr/lib/gcc/x86_64-pc-linux-gnu/5.5.0/../../..] ==> dir [/usr/lib/gcc/x86_64-pc-linux-gnu/5.5.0/../../..]
    arg [CMakeFiles/cmTC_6c757.dir/CMakeCXXCompilerABI.cpp.o] ==> ignore
    arg [-lstdc++] ==> lib [stdc++]
    arg [-lm] ==> lib [m]
    arg [-lgcc_s] ==> lib [gcc_s]
    arg [-lgcc] ==> lib [gcc]
    arg [-lc] ==> lib [c]
    arg [-lgcc_s] ==> lib [gcc_s]
    arg [-lgcc] ==> lib [gcc]
    arg [/usr/lib/gcc/x86_64-pc-linux-gnu/5.5.0/crtend.o] ==> ignore
    arg [/usr/lib/gcc/x86_64-pc-linux-gnu/5.5.0/../../../../lib/crtn.o] ==> ignore
  collapse library dir [/usr/lib/gcc/x86_64-pc-linux-gnu/5.5.0] ==> [/usr/lib/gcc/x86_64-pc-linux-gnu/5.5.0]
  collapse library dir [/usr/lib/gcc/x86_64-pc-linux-gnu/5.5.0/../../../../lib] ==> [/usr/lib]
  collapse library dir [/lib/../lib] ==> [/lib]
  collapse library dir [/usr/lib/../lib] ==> [/usr/lib]
  collapse library dir [/usr/lib/gcc/x86_64-pc-linux-gnu/5.5.0/../../..] ==> [/usr/lib]
  implicit libs: [stdc++;m;gcc_s;gcc;c;gcc_s;gcc]
  implicit dirs: [/usr/lib/gcc/x86_64-pc-linux-gnu/5.5.0;/usr/lib;/lib]
  implicit fwks: []




Detecting CXX [-std=c++1z] compiler features compiled with the following output:
Change Dir: /home/chenyu/personal/linux-learn/build/CMakeFiles/CMakeTmp

Run Build Command:"/usr/bin/make" "cmTC_36904/fast"
/usr/bin/make -f CMakeFiles/cmTC_36904.dir/build.make CMakeFiles/cmTC_36904.dir/build
make[1]: Entering directory '/home/chenyu/personal/linux-learn/build/CMakeFiles/CMakeTmp'
Building CXX object CMakeFiles/cmTC_36904.dir/feature_tests.cxx.o
/usr/bin/g++-5    -std=c++1z -o CMakeFiles/cmTC_36904.dir/feature_tests.cxx.o -c /home/chenyu/personal/linux-learn/build/CMakeFiles/feature_tests.cxx
Linking CXX executable cmTC_36904
/usr/bin/cmake -E cmake_link_script CMakeFiles/cmTC_36904.dir/link.txt --verbose=1
/usr/bin/g++-5       -rdynamic CMakeFiles/cmTC_36904.dir/feature_tests.cxx.o  -o cmTC_36904 
make[1]: Leaving directory '/home/chenyu/personal/linux-learn/build/CMakeFiles/CMakeTmp'


    Feature record: CXX_FEATURE:1cxx_aggregate_default_initializers
    Feature record: CXX_FEATURE:1cxx_alias_templates
    Feature record: CXX_FEATURE:1cxx_alignas
    Feature record: CXX_FEATURE:1cxx_alignof
    Feature record: CXX_FEATURE:1cxx_attributes
    Feature record: CXX_FEATURE:1cxx_attribute_deprecated
    Feature record: CXX_FEATURE:1cxx_auto_type
    Feature record: CXX_FEATURE:1cxx_binary_literals
    Feature record: CXX_FEATURE:1cxx_constexpr
    Feature record: CXX_FEATURE:1cxx_contextual_conversions
    Feature record: CXX_FEATURE:1cxx_decltype
    Feature record: CXX_FEATURE:1cxx_decltype_auto
    Feature record: CXX_FEATURE:1cxx_decltype_incomplete_return_types
    Feature record: CXX_FEATURE:1cxx_default_function_template_args
    Feature record: CXX_FEATURE:1cxx_defaulted_functions
    Feature record: CXX_FEATURE:1cxx_defaulted_move_initializers
    Feature record: CXX_FEATURE:1cxx_delegating_constructors
    Feature record: CXX_FEATURE:1cxx_deleted_functions
    Feature record: CXX_FEATURE:1cxx_digit_separators
    Feature record: CXX_FEATURE:1cxx_enum_forward_declarations
    Feature record: CXX_FEATURE:1cxx_explicit_conversions
    Feature record: CXX_FEATURE:1cxx_extended_friend_declarations
    Feature record: CXX_FEATURE:1cxx_extern_templates
    Feature record: CXX_FEATURE:1cxx_final
    Feature record: CXX_FEATURE:1cxx_func_identifier
    Feature record: CXX_FEATURE:1cxx_generalized_initializers
    Feature record: CXX_FEATURE:1cxx_generic_lambdas
    Feature record: CXX_FEATURE:1cxx_inheriting_constructors
    Feature record: CXX_FEATURE:1cxx_inline_namespaces
    Feature record: CXX_FEATURE:1cxx_lambdas
    Feature record: CXX_FEATURE:1cxx_lambda_init_captures
    Feature record: CXX_FEATURE:1cxx_local_type_template_args
    Feature record: CXX_FEATURE:1cxx_long_long_type
    Feature record: CXX_FEATURE:1cxx_noexcept
    Feature record: CXX_FEATURE:1cxx_nonstatic_member_init
    Feature record: CXX_FEATURE:1cxx_nullptr
    Feature record: CXX_FEATURE:1cxx_override
    Feature record: CXX_FEATURE:1cxx_range_for
    Feature record: CXX_FEATURE:1cxx_raw_string_literals
    Feature record: CXX_FEATURE:1cxx_reference_qualified_functions
    Feature record: CXX_FEATURE:1cxx_relaxed_constexpr
    Feature record: CXX_FEATURE:1cxx_return_type_deduction
    Feature record: CXX_FEATURE:1cxx_right_angle_brackets
    Feature record: CXX_FEATURE:1cxx_rvalue_references
    Feature record: CXX_FEATURE:1cxx_sizeof_member
    Feature record: CXX_FEATURE:1cxx_static_assert
    Feature record: CXX_FEATURE:1cxx_strong_enums
    Feature record: CXX_FEATURE:1cxx_template_template_parameters
    Feature record: CXX_FEATURE:1cxx_thread_local
    Feature record: CXX_FEATURE:1cxx_trailing_return_types
    Feature record: CXX_FEATURE:1cxx_unicode_literals
    Feature record: CXX_FEATURE:1cxx_uniform_initialization
    Feature record: CXX_FEATURE:1cxx_unrestricted_unions
    Feature record: CXX_FEATURE:1cxx_user_literals
    Feature record: CXX_FEATURE:1cxx_variable_templates
    Feature record: CXX_FEATURE:1cxx_variadic_macros
    Feature record: CXX_FEATURE:1cxx_variadic_templates


Detecting CXX [-std=c++14] compiler features compiled with the following output:
Change Dir: /home/chenyu/personal/linux-learn/build/CMakeFiles/CMakeTmp

Run Build Command:"/usr/bin/make" "cmTC_ab481/fast"
/usr/bin/make -f CMakeFiles/cmTC_ab481.dir/build.make CMakeFiles/cmTC_ab481.dir/build
make[1]: Entering directory '/home/chenyu/personal/linux-learn/build/CMakeFiles/CMakeTmp'
Building CXX object CMakeFiles/cmTC_ab481.dir/feature_tests.cxx.o
/usr/bin/g++-5    -std=c++14 -o CMakeFiles/cmTC_ab481.dir/feature_tests.cxx.o -c /home/chenyu/personal/linux-learn/build/CMakeFiles/feature_tests.cxx
Linking CXX executable cmTC_ab481
/usr/bin/cmake -E cmake_link_script CMakeFiles/cmTC_ab481.dir/link.txt --verbose=1
/usr/bin/g++-5       -rdynamic CMakeFiles/cmTC_ab481.dir/feature_tests.cxx.o  -o cmTC_ab481 
make[1]: Leaving directory '/home/chenyu/personal/linux-learn/build/CMakeFiles/CMakeTmp'


    Feature record: CXX_FEATURE:1cxx_aggregate_default_initializers
    Feature record: CXX_FEATURE:1cxx_alias_templates
    Feature record: CXX_FEATURE:1cxx_alignas
    Feature record: CXX_FEATURE:1cxx_alignof
    Feature record: CXX_FEATURE:1cxx_attributes
    Feature record: CXX_FEATURE:1cxx_attribute_deprecated
    Feature record: CXX_FEATURE:1cxx_auto_type
    Feature record: CXX_FEATURE:1cxx_binary_literals
    Feature record: CXX_FEATURE:1cxx_constexpr
    Feature record: CXX_FEATURE:1cxx_contextual_conversions
    Feature record: CXX_FEATURE:1cxx_decltype
    Feature record: CXX_FEATURE:1cxx_decltype_auto
    Feature record: CXX_FEATURE:1cxx_decltype_incomplete_return_types
    Feature record: CXX_FEATURE:1cxx_default_function_template_args
    Feature record: CXX_FEATURE:1cxx_defaulted_functions
    Feature record: CXX_FEATURE:1cxx_defaulted_move_initializers
    Feature record: CXX_FEATURE:1cxx_delegating_constructors
    Feature record: CXX_FEATURE:1cxx_deleted_functions
    Feature record: CXX_FEATURE:1cxx_digit_separators
    Feature record: CXX_FEATURE:1cxx_enum_forward_declarations
    Feature record: CXX_FEATURE:1cxx_explicit_conversions
    Feature record: CXX_FEATURE:1cxx_extended_friend_declarations
    Feature record: CXX_FEATURE:1cxx_extern_templates
    Feature record: CXX_FEATURE:1cxx_final
    Feature record: CXX_FEATURE:1cxx_func_identifier
    Feature record: CXX_FEATURE:1cxx_generalized_initializers
    Feature record: CXX_FEATURE:1cxx_generic_lambdas
    Feature record: CXX_FEATURE:1cxx_inheriting_constructors
    Feature record: CXX_FEATURE:1cxx_inline_namespaces
    Feature record: CXX_FEATURE:1cxx_lambdas
    Feature record: CXX_FEATURE:1cxx_lambda_init_captures
    Feature record: CXX_FEATURE:1cxx_local_type_template_args
    Feature record: CXX_FEATURE:1cxx_long_long_type
    Feature record: CXX_FEATURE:1cxx_noexcept
    Feature record: CXX_FEATURE:1cxx_nonstatic_member_init
    Feature record: CXX_FEATURE:1cxx_nullptr
    Feature record: CXX_FEATURE:1cxx_override
    Feature record: CXX_FEATURE:1cxx_range_for
    Feature record: CXX_FEATURE:1cxx_raw_string_literals
    Feature record: CXX_FEATURE:1cxx_reference_qualified_functions
    Feature record: CXX_FEATURE:1cxx_relaxed_constexpr
    Feature record: CXX_FEATURE:1cxx_return_type_deduction
    Feature record: CXX_FEATURE:1cxx_right_angle_brackets
    Feature record: CXX_FEATURE:1cxx_rvalue_references
    Feature record: CXX_FEATURE:1cxx_sizeof_member
    Feature record: CXX_FEATURE:1cxx_static_assert
    Feature record: CXX_FEATURE:1cxx_strong_enums
    Feature record: CXX_FEATURE:1cxx_template_template_parameters
    Feature record: CXX_FEATURE:1cxx_thread_local
    Feature record: CXX_FEATURE:1cxx_trailing_return_types
    Feature record: CXX_FEATURE:1cxx_unicode_literals
    Feature record: CXX_FEATURE:1cxx_uniform_initialization
    Feature record: CXX_FEATURE:1cxx_unrestricted_unions
    Feature record: CXX_FEATURE:1cxx_user_literals
    Feature record: CXX_FEATURE:1cxx_variable_templates
    Feature record: CXX_FEATURE:1cxx_variadic_macros
    Feature record: CXX_FEATURE:1cxx_variadic_templates


Detecting CXX [-std=c++11] compiler features compiled with the following output:
Change Dir: /home/chenyu/personal/linux-learn/build/CMakeFiles/CMakeTmp

Run Build Command:"/usr/bin/make" "cmTC_f76f8/fast"
/usr/bin/make -f CMakeFiles/cmTC_f76f8.dir/build.make CMakeFiles/cmTC_f76f8.dir/build
make[1]: Entering directory '/home/chenyu/personal/linux-learn/build/CMakeFiles/CMakeTmp'
Building CXX object CMakeFiles/cmTC_f76f8.dir/feature_tests.cxx.o
/usr/bin/g++-5    -std=c++11 -o CMakeFiles/cmTC_f76f8.dir/feature_tests.cxx.o -c /home/chenyu/personal/linux-learn/build/CMakeFiles/feature_tests.cxx
Linking CXX executable cmTC_f76f8
/usr/bin/cmake -E cmake_link_script CMakeFiles/cmTC_f76f8.dir/link.txt --verbose=1
/usr/bin/g++-5       -rdynamic CMakeFiles/cmTC_f76f8.dir/feature_tests.cxx.o  -o cmTC_f76f8 
make[1]: Leaving directory '/home/chenyu/personal/linux-learn/build/CMakeFiles/CMakeTmp'


    Feature record: CXX_FEATURE:0cxx_aggregate_default_initializers
    Feature record: CXX_FEATURE:1cxx_alias_templates
    Feature record: CXX_FEATURE:1cxx_alignas
    Feature record: CXX_FEATURE:1cxx_alignof
    Feature record: CXX_FEATURE:1cxx_attributes
    Feature record: CXX_FEATURE:0cxx_attribute_deprecated
    Feature record: CXX_FEATURE:1cxx_auto_type
    Feature record: CXX_FEATURE:0cxx_binary_literals
    Feature record: CXX_FEATURE:1cxx_constexpr
    Feature record: CXX_FEATURE:0cxx_contextual_conversions
    Feature record: CXX_FEATURE:1cxx_decltype
    Feature record: CXX_FEATURE:0cxx_decltype_auto
    Feature record: CXX_FEATURE:1cxx_decltype_incomplete_return_types
    Feature record: CXX_FEATURE:1cxx_default_function_template_args
    Feature record: CXX_FEATURE:1cxx_defaulted_functions
    Feature record: CXX_FEATURE:1cxx_defaulted_move_initializers
    Feature record: CXX_FEATURE:1cxx_delegating_constructors
    Feature record: CXX_FEATURE:1cxx_deleted_functions
    Feature record: CXX_FEATURE:0cxx_digit_separators
    Feature record: CXX_FEATURE:1cxx_enum_forward_declarations
    Feature record: CXX_FEATURE:1cxx_explicit_conversions
    Feature record: CXX_FEATURE:1cxx_extended_friend_declarations
    Feature record: CXX_FEATURE:1cxx_extern_templates
    Feature record: CXX_FEATURE:1cxx_final
    Feature record: CXX_FEATURE:1cxx_func_identifier
    Feature record: CXX_FEATURE:1cxx_generalized_initializers
    Feature record: CXX_FEATURE:0cxx_generic_lambdas
    Feature record: CXX_FEATURE:1cxx_inheriting_constructors
    Feature record: CXX_FEATURE:1cxx_inline_namespaces
    Feature record: CXX_FEATURE:1cxx_lambdas
    Feature record: CXX_FEATURE:0cxx_lambda_init_captures
    Feature record: CXX_FEATURE:1cxx_local_type_template_args
    Feature record: CXX_FEATURE:1cxx_long_long_type
    Feature record: CXX_FEATURE:1cxx_noexcept
    Feature record: CXX_FEATURE:1cxx_nonstatic_member_init
    Feature record: CXX_FEATURE:1cxx_nullptr
    Feature record: CXX_FEATURE:1cxx_override
    Feature record: CXX_FEATURE:1cxx_range_for
    Feature record: CXX_FEATURE:1cxx_raw_string_literals
    Feature record: CXX_FEATURE:1cxx_reference_qualified_functions
    Feature record: CXX_FEATURE:0cxx_relaxed_constexpr
    Feature record: CXX_FEATURE:0cxx_return_type_deduction
    Feature record: CXX_FEATURE:1cxx_right_angle_brackets
    Feature record: CXX_FEATURE:1cxx_rvalue_references
    Feature record: CXX_FEATURE:1cxx_sizeof_member
    Feature record: CXX_FEATURE:1cxx_static_assert
    Feature record: CXX_FEATURE:1cxx_strong_enums
    Feature record: CXX_FEATURE:1cxx_template_template_parameters
    Feature record: CXX_FEATURE:1cxx_thread_local
    Feature record: CXX_FEATURE:1cxx_trailing_return_types
    Feature record: CXX_FEATURE:1cxx_unicode_literals
    Feature record: CXX_FEATURE:1cxx_uniform_initialization
    Feature record: CXX_FEATURE:1cxx_unrestricted_unions
    Feature record: CXX_FEATURE:1cxx_user_literals
    Feature record: CXX_FEATURE:0cxx_variable_templates
    Feature record: CXX_FEATURE:1cxx_variadic_macros
    Feature record: CXX_FEATURE:1cxx_variadic_templates


Detecting CXX [-std=c++98] compiler features compiled with the following output:
Change Dir: /home/chenyu/personal/linux-learn/build/CMakeFiles/CMakeTmp

Run Build Command:"/usr/bin/make" "cmTC_e4ef1/fast"
/usr/bin/make -f CMakeFiles/cmTC_e4ef1.dir/build.make CMakeFiles/cmTC_e4ef1.dir/build
make[1]: Entering directory '/home/chenyu/personal/linux-learn/build/CMakeFiles/CMakeTmp'
Building CXX object CMakeFiles/cmTC_e4ef1.dir/feature_tests.cxx.o
/usr/bin/g++-5    -std=c++98 -o CMakeFiles/cmTC_e4ef1.dir/feature_tests.cxx.o -c /home/chenyu/personal/linux-learn/build/CMakeFiles/feature_tests.cxx
Linking CXX executable cmTC_e4ef1
/usr/bin/cmake -E cmake_link_script CMakeFiles/cmTC_e4ef1.dir/link.txt --verbose=1
/usr/bin/g++-5       -rdynamic CMakeFiles/cmTC_e4ef1.dir/feature_tests.cxx.o  -o cmTC_e4ef1 
make[1]: Leaving directory '/home/chenyu/personal/linux-learn/build/CMakeFiles/CMakeTmp'


    Feature record: CXX_FEATURE:0cxx_aggregate_default_initializers
    Feature record: CXX_FEATURE:0cxx_alias_templates
    Feature record: CXX_FEATURE:0cxx_alignas
    Feature record: CXX_FEATURE:0cxx_alignof
    Feature record: CXX_FEATURE:0cxx_attributes
    Feature record: CXX_FEATURE:0cxx_attribute_deprecated
    Feature record: CXX_FEATURE:0cxx_auto_type
    Feature record: CXX_FEATURE:0cxx_binary_literals
    Feature record: CXX_FEATURE:0cxx_constexpr
    Feature record: CXX_FEATURE:0cxx_contextual_conversions
    Feature record: CXX_FEATURE:0cxx_decltype
    Feature record: CXX_FEATURE:0cxx_decltype_auto
    Feature record: CXX_FEATURE:0cxx_decltype_incomplete_return_types
    Feature record: CXX_FEATURE:0cxx_default_function_template_args
    Feature record: CXX_FEATURE:0cxx_defaulted_functions
    Feature record: CXX_FEATURE:0cxx_defaulted_move_initializers
    Feature record: CXX_FEATURE:0cxx_delegating_constructors
    Feature record: CXX_FEATURE:0cxx_deleted_functions
    Feature record: CXX_FEATURE:0cxx_digit_separators
    Feature record: CXX_FEATURE:0cxx_enum_forward_declarations
    Feature record: CXX_FEATURE:0cxx_explicit_conversions
    Feature record: CXX_FEATURE:0cxx_extended_friend_declarations
    Feature record: CXX_FEATURE:0cxx_extern_templates
    Feature record: CXX_FEATURE:0cxx_final
    Feature record: CXX_FEATURE:0cxx_func_identifier
    Feature record: CXX_FEATURE:0cxx_generalized_initializers
    Feature record: CXX_FEATURE:0cxx_generic_lambdas
    Feature record: CXX_FEATURE:0cxx_inheriting_constructors
    Feature record: CXX_FEATURE:0cxx_inline_namespaces
    Feature record: CXX_FEATURE:0cxx_lambdas
    Feature record: CXX_FEATURE:0cxx_lambda_init_captures
    Feature record: CXX_FEATURE:0cxx_local_type_template_args
    Feature record: CXX_FEATURE:0cxx_long_long_type
    Feature record: CXX_FEATURE:0cxx_noexcept
    Feature record: CXX_FEATURE:0cxx_nonstatic_member_init
    Feature record: CXX_FEATURE:0cxx_nullptr
    Feature record: CXX_FEATURE:0cxx_override
    Feature record: CXX_FEATURE:0cxx_range_for
    Feature record: CXX_FEATURE:0cxx_raw_string_literals
    Feature record: CXX_FEATURE:0cxx_reference_qualified_functions
    Feature record: CXX_FEATURE:0cxx_relaxed_constexpr
    Feature record: CXX_FEATURE:0cxx_return_type_deduction
    Feature record: CXX_FEATURE:0cxx_right_angle_brackets
    Feature record: CXX_FEATURE:0cxx_rvalue_references
    Feature record: CXX_FEATURE:0cxx_sizeof_member
    Feature record: CXX_FEATURE:0cxx_static_assert
    Feature record: CXX_FEATURE:0cxx_strong_enums
    Feature record: CXX_FEATURE:1cxx_template_template_parameters
    Feature record: CXX_FEATURE:0cxx_thread_local
    Feature record: CXX_FEATURE:0cxx_trailing_return_types
    Feature record: CXX_FEATURE:0cxx_unicode_literals
    Feature record: CXX_FEATURE:0cxx_uniform_initialization
    Feature record: CXX_FEATURE:0cxx_unrestricted_unions
    Feature record: CXX_FEATURE:0cxx_user_literals
    Feature record: CXX_FEATURE:0cxx_variable_templates
    Feature record: CXX_FEATURE:0cxx_variadic_macros
    Feature record: CXX_FEATURE:0cxx_variadic_templates
